<?xml version="1.0" encoding="UTF-8"?>
<testng-results ignored="0" total="2" passed="2" failed="0" skipped="0">
  <reporter-output>
  </reporter-output>
  <suite started-at="2019-07-11T09:29:54Z" name="Default suite" finished-at="2019-07-11T09:30:19Z" duration-ms="25048">
    <groups>
    </groups>
    <test started-at="2019-07-11T09:29:54Z" name="Default test" finished-at="2019-07-11T09:30:19Z" duration-ms="25048">
      <class name="Test.Meinfoto.Canvas">
        <test-method is-config="true" signature="beforeT()[pri:0, instance:Test.Meinfoto.Canvas@424e1977]" started-at="2019-07-11T09:29:54Z" name="beforeT" finished-at="2019-07-11T09:30:01Z" duration-ms="7229" status="PASS">
          <reporter-output>
          </reporter-output>
        </test-method> <!-- beforeT -->
        <test-method signature="endT()[pri:0, instance:Test.Meinfoto.Canvas@424e1977]" started-at="2019-07-11T09:30:01Z" name="endT" finished-at="2019-07-11T09:30:02Z" duration-ms="305" status="PASS">
          <reporter-output>
          </reporter-output>
        </test-method> <!-- endT -->
        <test-method signature="uload4()[pri:4, instance:Test.Meinfoto.Canvas@424e1977]" started-at="2019-07-11T09:30:02Z" name="uload4" finished-at="2019-07-11T09:30:19Z" duration-ms="17074" status="PASS">
          <reporter-output>
          </reporter-output>
        </test-method> <!-- uload4 -->
        <test-method is-config="true" signature="endT()[pri:0, instance:Test.Meinfoto.Canvas@424e1977]" started-at="2019-07-11T09:30:19Z" name="endT" finished-at="2019-07-11T09:30:19Z" duration-ms="415" status="PASS">
          <reporter-output>
          </reporter-output>
        </test-method> <!-- endT -->
      </class> <!-- Test.Meinfoto.Canvas -->
    </test> <!-- Default test -->
  </suite> <!-- Default suite -->
</testng-results>
